Start testing: Jul 19 10:20 UTC
----------------------------------------------------------
1/4 Testing: crydi3_random_test
1/4 Test: crydi3_random_test
Command: "/home/kevin/Documents/Programming/C++/Criptografia/CrydiLib/build/crydi3_random_bin"
Directory: /home/kevin/Documents/Programming/C++/Criptografia/CrydiLib/build
"crydi3_random_test" start time: Jul 19 10:20 UTC
Output:
----------------------------------------------------------
1605948667618594722
17493455921191643135
8372045312669127816
15500497010442527245
5619657530098623518
4473694967206310411
17651561177300570084
13127283260067894137
12377744426465039706
11696169265417256407
5496495248457285120
4988799350953575589
5351680490546478934
15287167634231490403
16420330774126385884
1824074299687584145
10738368282718944786
884460141935299247
11648793430560924280
15002220752871921213
17831261021013405070
17138575942535488443
15072453138051666132
10965721007796080297
1987612494535190986
91974232117388234619016427391402256159341342225801162429054382342374177889712601570885697414460706140843926200211831960102284126962692960148589230945045791169848732793116920099260496390559793275660388137823011989491498637347336466352270678288705434900177948242180419870266565062199105509953036287293452329161
1024
6978127825290739702653894536713855656601704068088934936010972851743782390551846113767905112000563825313524045297335669567307145329226280676767067208712469
<end of output>
Test time =   0.09 sec
----------------------------------------------------------
Test Passed.
"crydi3_random_test" end time: Jul 19 10:20 UTC
"crydi3_random_test" time elapsed: 00:00:00
----------------------------------------------------------

2/4 Testing: crydi3_rsa_test
2/4 Test: crydi3_rsa_test
Command: "/home/kevin/Documents/Programming/C++/Criptografia/CrydiLib/build/crydi3_rsa_bin"
Directory: /home/kevin/Documents/Programming/C++/Criptografia/CrydiLib/build
"crydi3_rsa_test" start time: Jul 19 10:20 UTC
Output:
----------------------------------------------------------
Public key (share this): 2040068897389870793176583830978836164245593073456138670810001125845540530700061291427624901028345680073455697363227921983982453356054761647299907565280271845607310144727597322874767105726679848794040808126125125300743668293116492630543952293191239712736388084637771172488863116741023740096696706111088200373
Share it with : 78672241766884405734084810679368525345092954524449696014660625035936757184934202151933640854221294922218386470350872130640720135632225914441320600526428660846560343811243482846872715848430527902672558475241089830395545237432277816628923884723967929205822371266068379539559683800152486310079738404336736770361
Private key (never share this): 66155913937787164585104815576163210957191584156495432650082912272592995325038700046615620166619453648655134967520152716301743944019460879116146194206089256201512089349410278716826464802480012332304755689212074316934485378928809316209412364031838056806940119843799660515069747311578995190055658585325068728089
Mensaje original: Hola Mundo! Vamo a juga papu! Mi nombre es Kevin del Castillo Ramirez xddddddddddd
Encrypted message: 64118044563101862872021208774575226782205724076341448411233901413845926313078869795956733479372406707024925751721150509656589907463656706908857200203973605421732878394670523962036965744096043506844085554066274412563065561828760011074071872229628745354316570125109070440860968628815678852471349211957237918018
Decrypted message: 0000000000000000000000000000000000000000000000000000000000000000000000000000000000000000000000000000000000000000000000000000000000000000000000033141100653820130314646547001214650065092006006515001520646538086513141201170465041865360421081365030411652800181908111114654300120817042565230303030303030303030303
<end of output>
Test time =   0.11 sec
----------------------------------------------------------
Test Passed.
"crydi3_rsa_test" end time: Jul 19 10:20 UTC
"crydi3_rsa_test" time elapsed: 00:00:00
----------------------------------------------------------

3/4 Testing: crydi3_elgammal_test
3/4 Test: crydi3_elgammal_test
Command: "/home/kevin/Documents/Programming/C++/Criptografia/CrydiLib/build/crydi3_elgammal_bin"
Directory: /home/kevin/Documents/Programming/C++/Criptografia/CrydiLib/build
"crydi3_elgammal_test" start time: Jul 19 10:20 UTC
Output:
----------------------------------------------------------
Mensaje original: Hola Mundo! Vamo a juga papu! Mi nombre es Kevin del Castillo Ramirez xddddddddddd
Mensaje encriptado: 72114779980121514035929735630954742169524243039379649930126197824050204150169584068786523445038405880526787682882542567761509168735786630590407860474918372841483517293093947834217591053140187772740469644350296513453400964072834717060305960402341186496359208752233725491533649558125364326470927841796985290357
Mensaje desencriptado: 0000000000000000000000000000000000000000000000000000000000000000000000000000000000000000000000000000000000000000000000000000000000000000000000033141100653820130314646547001214650065092006006515001520646538086513141201170465041865360421081365030411652800181908111114654300120817042565230303030303030303030303
<end of output>
Test time =   0.64 sec
----------------------------------------------------------
Test Passed.
"crydi3_elgammal_test" end time: Jul 19 10:20 UTC
"crydi3_elgammal_test" time elapsed: 00:00:00
----------------------------------------------------------

4/4 Testing: crydi3_tools_test
4/4 Test: crydi3_tools_test
Command: "/home/kevin/Documents/Programming/C++/Criptografia/CrydiLib/build/crydi3_tools_bin"
Directory: /home/kevin/Documents/Programming/C++/Criptografia/CrydiLib/build
"crydi3_tools_test" start time: Jul 19 10:20 UTC
Output:
----------------------------------------------------------
23
14
<end of output>
Test time =   0.00 sec
----------------------------------------------------------
Test Passed.
"crydi3_tools_test" end time: Jul 19 10:20 UTC
"crydi3_tools_test" time elapsed: 00:00:00
----------------------------------------------------------

End testing: Jul 19 10:20 UTC
