Start testing: Jul 18 19:39 UTC
----------------------------------------------------------
1/4 Testing: crydi3_random_test
1/4 Test: crydi3_random_test
Command: "/home/kevin/Documents/Programming/C++/Criptografia/CrydiLib/build/crydi3_random_bin"
Directory: /home/kevin/Documents/Programming/C++/Criptografia/CrydiLib/build
"crydi3_random_test" start time: Jul 18 19:39 UTC
Output:
----------------------------------------------------------
2783163150842117952
2216411985405458823
13495510051109228790
4109492114113011021
2527012518624071756
11800032959699576243
9732089922808746818
18326271557321439417
3821393115038814168
15393404213831851103
3285922032450034702
15612711589385647781
10698449588736978404
327293156576651
8070028161168235354
9470537577849800465
11673638110080850544
17473740871776790839
12219060074918265126
792259507696703997
16597996496704472444
202942424015888227
14395595198704303474
1938211966783151977
17242556490034028296
127025847008860882560944910343913982806367553595472067797200873586076768679899467213246675361409803083407434522433721527731484718759829239610614471333541648131803570369037682440076838831009449082522252128040818101222895007946704198010161891506059595089355530658733413190064753499536386257776977687368677801091
1024
10602096338689656917590163644317691207842509889045338690930234187702103743704614813158248674438754067515493115328757769826948158483021036930454864019428623
<end of output>
Test time =   0.04 sec
----------------------------------------------------------
Test Passed.
"crydi3_random_test" end time: Jul 18 19:39 UTC
"crydi3_random_test" time elapsed: 00:00:00
----------------------------------------------------------

2/4 Testing: crydi3_rsa_test
2/4 Test: crydi3_rsa_test
Command: "/home/kevin/Documents/Programming/C++/Criptografia/CrydiLib/build/crydi3_rsa_bin"
Directory: /home/kevin/Documents/Programming/C++/Criptografia/CrydiLib/build
"crydi3_rsa_test" start time: Jul 18 19:39 UTC
Output:
----------------------------------------------------------
Public key (share this): 75297767174931638163112297872733759167520679913660340812986645296761766455784933003367628271961244360722486928415187190584217491602692850464467821859231857123073203072291336467138218959202155758699882584349245217303227893345980910165875922752259493792897634219008491036023336803221842542077175332337693338109
Share it with : 91724284132877715863860214347366882811995336889648578578473076620912410502336465972599334755935214156988171074825470820167992426270020601988528040820207378519053282235980155226145655866797350254265835370630020324625521222001484474720872172277507007384625401833154153623871384670692262906614798753343348886433
Private key (never share this): 3740021021901609477005852737618968000730492464964184073472740886482285559580239056631095259918349729159713755011554412455379542733791917786131456680483070780445544746520157820485630125190145022643176460734203792056818937826693864474210008074655065382373817632338977418039167940825805115998943332541994897669
Mensaje original: vamo a jugah papu
Encrypted message: 75283282689500267809926194255881244786982230579129172215638039033613433004511187833573110337550185897302750184348502188840622906161582177346146527365708846174000075092786400339141274404218413432737450302992035360365182221001596482754232728248320609088269496810012607714396032549860785648492499473001236752641
Decrypted message: 2100121426002609200600072615001520
<end of output>
Test time =   0.29 sec
----------------------------------------------------------
Test Passed.
"crydi3_rsa_test" end time: Jul 18 19:39 UTC
"crydi3_rsa_test" time elapsed: 00:00:00
----------------------------------------------------------

3/4 Testing: crydi3_elgammal_test
3/4 Test: crydi3_elgammal_test
Command: "/home/kevin/Documents/Programming/C++/Criptografia/CrydiLib/build/crydi3_elgammal_bin"
Directory: /home/kevin/Documents/Programming/C++/Criptografia/CrydiLib/build
"crydi3_elgammal_test" start time: Jul 18 19:39 UTC
Output:
----------------------------------------------------------
Mensaje original: hola
Mensaje encriptado: 9157391950024845986106011332733686141410973613042540283574520617034908005455531413432839720997157412033791644704363595882982590291312335663607390725136256
Mensaje desencriptado: 07141100
<end of output>
Test time =   0.41 sec
----------------------------------------------------------
Test Passed.
"crydi3_elgammal_test" end time: Jul 18 19:39 UTC
"crydi3_elgammal_test" time elapsed: 00:00:00
----------------------------------------------------------

4/4 Testing: crydi3_tools_test
4/4 Test: crydi3_tools_test
Command: "/home/kevin/Documents/Programming/C++/Criptografia/CrydiLib/build/crydi3_tools_bin"
Directory: /home/kevin/Documents/Programming/C++/Criptografia/CrydiLib/build
"crydi3_tools_test" start time: Jul 18 19:39 UTC
Output:
----------------------------------------------------------
23
5
<end of output>
Test time =   0.00 sec
----------------------------------------------------------
Test Passed.
"crydi3_tools_test" end time: Jul 18 19:39 UTC
"crydi3_tools_test" time elapsed: 00:00:00
----------------------------------------------------------

End testing: Jul 18 19:39 UTC
